<?xml version="1.0" encoding="UTF-8"?>
<testsuite xmlns:xsi="http://www.w3.org/2001/XMLSchema-instance" xsi:noNamespaceSchemaLocation="https://maven.apache.org/surefire/maven-surefire-plugin/xsd/surefire-test-report.xsd" name="org.sd_wan.app.AppComponentTest" time="0.098" tests="1" errors="0" skipped="0" failures="0">
  <properties>
    <property name="awt.toolkit" value="sun.awt.X11.XToolkit"/>
    <property name="file.encoding.pkg" value="sun.io"/>
    <property name="java.specification.version" value="1.8"/>
    <property name="sun.cpu.isalist" value=""/>
    <property name="sun.jnu.encoding" value="UTF-8"/>
    <property name="java.class.path" value="/home/ubuntu/Applications/sd_wan/target/test-classes:/home/ubuntu/Applications/sd_wan/target/classes:/home/ubuntu/.m2/repository/org/slf4j/slf4j-api/1.7.22/slf4j-api-1.7.22.jar:/home/ubuntu/.m2/repository/org/slf4j/slf4j-simple/1.7.22/slf4j-simple-1.7.22.jar:/home/ubuntu/.m2/repository/org/onosproject/onos-api/1.14.0/onos-api-1.14.0.jar:/home/ubuntu/.m2/repository/commons-configuration/commons-configuration/1.10/commons-configuration-1.10.jar:/home/ubuntu/.m2/repository/commons-logging/commons-logging/1.2/commons-logging-1.2.jar:/home/ubuntu/.m2/repository/commons-collections/commons-collections/3.2.2/commons-collections-3.2.2.jar:/home/ubuntu/.m2/repository/commons-lang/commons-lang/2.6/commons-lang-2.6.jar:/home/ubuntu/.m2/repository/org/apache/commons/commons-lang3/3.7/commons-lang3-3.7.jar:/home/ubuntu/.m2/repository/commons-io/commons-io/2.6/commons-io-2.6.jar:/home/ubuntu/.m2/repository/commons-pool/commons-pool/1.6/commons-pool-1.6.jar:/home/ubuntu/.m2/repository/com/google/guava/guava/22.0/guava-22.0.jar:/home/ubuntu/.m2/repository/com/google/errorprone/error_prone_annotations/2.0.18/error_prone_annotations-2.0.18.jar:/home/ubuntu/.m2/repository/com/google/j2objc/j2objc-annotations/1.1/j2objc-annotations-1.1.jar:/home/ubuntu/.m2/repository/org/codehaus/mojo/animal-sniffer-annotations/1.14/animal-sniffer-annotations-1.14.jar:/home/ubuntu/.m2/repository/org/osgi/org.osgi.core/5.0.0/org.osgi.core-5.0.0.jar:/home/ubuntu/.m2/repository/org/osgi/org.osgi.compendium/5.0.0/org.osgi.compendium-5.0.0.jar:/home/ubuntu/.m2/repository/org/apache/felix/org.apache.felix.scr/1.8.2/org.apache.felix.scr-1.8.2.jar:/home/ubuntu/.m2/repository/org/apache/karaf/features/org.apache.karaf.features.core/3.0.8/org.apache.karaf.features.core-3.0.8.jar:/home/ubuntu/.m2/repository/org/apache/karaf/system/org.apache.karaf.system.core/3.0.8/org.apache.karaf.system.core-3.0.8.jar:/home/ubuntu/.m2/repository/com/google/code/findbugs/jsr305/3.0.1/jsr305-3.0.1.jar:/home/ubuntu/.m2/repository/org/apache/servicemix/bundles/org.apache.servicemix.bundles.dom4j/1.6.1_5/org.apache.servicemix.bundles.dom4j-1.6.1_5.jar:/home/ubuntu/.m2/repository/xml-apis/xml-apis/1.0.b2/xml-apis-1.0.b2.jar:/home/ubuntu/.m2/repository/io/netty/netty-buffer/4.1.27.Final/netty-buffer-4.1.27.Final.jar:/home/ubuntu/.m2/repository/io/netty/netty-common/4.1.27.Final/netty-common-4.1.27.Final.jar:/home/ubuntu/.m2/repository/com/fasterxml/jackson/core/jackson-annotations/2.9.5/jackson-annotations-2.9.5.jar:/home/ubuntu/.m2/repository/com/fasterxml/jackson/core/jackson-core/2.9.5/jackson-core-2.9.5.jar:/home/ubuntu/.m2/repository/com/fasterxml/jackson/core/jackson-databind/2.9.5/jackson-databind-2.9.5.jar:/home/ubuntu/.m2/repository/io/dropwizard/metrics/metrics-core/3.2.2/metrics-core-3.2.2.jar:/home/ubuntu/.m2/repository/io/dropwizard/metrics/metrics-json/3.2.2/metrics-json-3.2.2.jar:/home/ubuntu/.m2/repository/com/esotericsoftware/kryo/4.0.1/kryo-4.0.1.jar:/home/ubuntu/.m2/repository/com/esotericsoftware/reflectasm/1.11.0/reflectasm-1.11.0.jar:/home/ubuntu/.m2/repository/org/ow2/asm/asm/5.0.4/asm-5.0.4.jar:/home/ubuntu/.m2/repository/com/esotericsoftware/minlog/1.3.0/minlog-1.3.0.jar:/home/ubuntu/.m2/repository/org/objenesis/objenesis/2.6/objenesis-2.6.jar:/home/ubuntu/.m2/repository/org/onosproject/onlab-misc/1.14.0/onlab-misc-1.14.0.jar:/home/ubuntu/.m2/repository/org/onosproject/onlab-rest/1.14.0/onlab-rest-1.14.0.jar:/home/ubuntu/.m2/repository/javax/ws/rs/javax.ws.rs-api/2.1/javax.ws.rs-api-2.1.jar:/home/ubuntu/.m2/repository/org/glassfish/jersey/core/jersey-server/2.26/jersey-server-2.26.jar:/home/ubuntu/.m2/repository/org/glassfish/jersey/core/jersey-common/2.26/jersey-common-2.26.jar:/home/ubuntu/.m2/repository/org/glassfish/hk2/osgi-resource-locator/1.0.1/osgi-resource-locator-1.0.1.jar:/home/ubuntu/.m2/repository/org/glassfish/jersey/core/jersey-client/2.26/jersey-client-2.26.jar:/home/ubuntu/.m2/repository/org/glassfish/jersey/media/jersey-media-jaxb/2.26/jersey-media-jaxb-2.26.jar:/home/ubuntu/.m2/repository/javax/annotation/javax.annotation-api/1.2/javax.annotation-api-1.2.jar:/home/ubuntu/.m2/repository/org/glassfish/hk2/external/javax.inject/2.5.0-b42/javax.inject-2.5.0-b42.jar:/home/ubuntu/.m2/repository/javax/validation/validation-api/1.1.0.Final/validation-api-1.1.0.Final.jar:/home/ubuntu/.m2/repository/joda-time/joda-time/2.9.3/joda-time-2.9.3.jar:/home/ubuntu/.m2/repository/io/netty/netty/3.10.5.Final/netty-3.10.5.Final.jar:/home/ubuntu/.m2/repository/org/onosproject/onlab-osgi/1.14.0/onlab-osgi-1.14.0.jar:/home/ubuntu/.m2/repository/junit/junit/4.12/junit-4.12.jar:/home/ubuntu/.m2/repository/org/hamcrest/hamcrest-core/1.3/hamcrest-core-1.3.jar:/home/ubuntu/.m2/repository/org/onosproject/onos-api/1.14.0/onos-api-1.14.0-tests.jar:/home/ubuntu/.m2/repository/org/apache/felix/org.apache.felix.scr.annotations/1.9.12/org.apache.felix.scr.annotations-1.9.12.jar:"/>
    <property name="java.vm.vendor" value="Oracle Corporation"/>
    <property name="sun.arch.data.model" value="64"/>
    <property name="java.vendor.url" value="http://java.oracle.com/"/>
    <property name="user.timezone" value=""/>
    <property name="java.vm.specification.version" value="1.8"/>
    <property name="os.name" value="Linux"/>
    <property name="user.country" value="US"/>
    <property name="sun.java.launcher" value="SUN_STANDARD"/>
    <property name="sun.boot.library.path" value="/usr/lib/jvm/java-8-oracle/jre/lib/amd64"/>
    <property name="sun.java.command" value="/home/ubuntu/Applications/sd_wan/target/surefire/surefirebooter1766985461650965670.jar /home/ubuntu/Applications/sd_wan/target/surefire 2018-11-04T19-28-15_801-jvmRun1 surefire5766263834241175073tmp surefire_07129288003681693475tmp"/>
    <property name="surefire.test.class.path" value="/home/ubuntu/Applications/sd_wan/target/test-classes:/home/ubuntu/Applications/sd_wan/target/classes:/home/ubuntu/.m2/repository/org/slf4j/slf4j-api/1.7.22/slf4j-api-1.7.22.jar:/home/ubuntu/.m2/repository/org/slf4j/slf4j-simple/1.7.22/slf4j-simple-1.7.22.jar:/home/ubuntu/.m2/repository/org/onosproject/onos-api/1.14.0/onos-api-1.14.0.jar:/home/ubuntu/.m2/repository/commons-configuration/commons-configuration/1.10/commons-configuration-1.10.jar:/home/ubuntu/.m2/repository/commons-logging/commons-logging/1.2/commons-logging-1.2.jar:/home/ubuntu/.m2/repository/commons-collections/commons-collections/3.2.2/commons-collections-3.2.2.jar:/home/ubuntu/.m2/repository/commons-lang/commons-lang/2.6/commons-lang-2.6.jar:/home/ubuntu/.m2/repository/org/apache/commons/commons-lang3/3.7/commons-lang3-3.7.jar:/home/ubuntu/.m2/repository/commons-io/commons-io/2.6/commons-io-2.6.jar:/home/ubuntu/.m2/repository/commons-pool/commons-pool/1.6/commons-pool-1.6.jar:/home/ubuntu/.m2/repository/com/google/guava/guava/22.0/guava-22.0.jar:/home/ubuntu/.m2/repository/com/google/errorprone/error_prone_annotations/2.0.18/error_prone_annotations-2.0.18.jar:/home/ubuntu/.m2/repository/com/google/j2objc/j2objc-annotations/1.1/j2objc-annotations-1.1.jar:/home/ubuntu/.m2/repository/org/codehaus/mojo/animal-sniffer-annotations/1.14/animal-sniffer-annotations-1.14.jar:/home/ubuntu/.m2/repository/org/osgi/org.osgi.core/5.0.0/org.osgi.core-5.0.0.jar:/home/ubuntu/.m2/repository/org/osgi/org.osgi.compendium/5.0.0/org.osgi.compendium-5.0.0.jar:/home/ubuntu/.m2/repository/org/apache/felix/org.apache.felix.scr/1.8.2/org.apache.felix.scr-1.8.2.jar:/home/ubuntu/.m2/repository/org/apache/karaf/features/org.apache.karaf.features.core/3.0.8/org.apache.karaf.features.core-3.0.8.jar:/home/ubuntu/.m2/repository/org/apache/karaf/system/org.apache.karaf.system.core/3.0.8/org.apache.karaf.system.core-3.0.8.jar:/home/ubuntu/.m2/repository/com/google/code/findbugs/jsr305/3.0.1/jsr305-3.0.1.jar:/home/ubuntu/.m2/repository/org/apache/servicemix/bundles/org.apache.servicemix.bundles.dom4j/1.6.1_5/org.apache.servicemix.bundles.dom4j-1.6.1_5.jar:/home/ubuntu/.m2/repository/xml-apis/xml-apis/1.0.b2/xml-apis-1.0.b2.jar:/home/ubuntu/.m2/repository/io/netty/netty-buffer/4.1.27.Final/netty-buffer-4.1.27.Final.jar:/home/ubuntu/.m2/repository/io/netty/netty-common/4.1.27.Final/netty-common-4.1.27.Final.jar:/home/ubuntu/.m2/repository/com/fasterxml/jackson/core/jackson-annotations/2.9.5/jackson-annotations-2.9.5.jar:/home/ubuntu/.m2/repository/com/fasterxml/jackson/core/jackson-core/2.9.5/jackson-core-2.9.5.jar:/home/ubuntu/.m2/repository/com/fasterxml/jackson/core/jackson-databind/2.9.5/jackson-databind-2.9.5.jar:/home/ubuntu/.m2/repository/io/dropwizard/metrics/metrics-core/3.2.2/metrics-core-3.2.2.jar:/home/ubuntu/.m2/repository/io/dropwizard/metrics/metrics-json/3.2.2/metrics-json-3.2.2.jar:/home/ubuntu/.m2/repository/com/esotericsoftware/kryo/4.0.1/kryo-4.0.1.jar:/home/ubuntu/.m2/repository/com/esotericsoftware/reflectasm/1.11.0/reflectasm-1.11.0.jar:/home/ubuntu/.m2/repository/org/ow2/asm/asm/5.0.4/asm-5.0.4.jar:/home/ubuntu/.m2/repository/com/esotericsoftware/minlog/1.3.0/minlog-1.3.0.jar:/home/ubuntu/.m2/repository/org/objenesis/objenesis/2.6/objenesis-2.6.jar:/home/ubuntu/.m2/repository/org/onosproject/onlab-misc/1.14.0/onlab-misc-1.14.0.jar:/home/ubuntu/.m2/repository/org/onosproject/onlab-rest/1.14.0/onlab-rest-1.14.0.jar:/home/ubuntu/.m2/repository/javax/ws/rs/javax.ws.rs-api/2.1/javax.ws.rs-api-2.1.jar:/home/ubuntu/.m2/repository/org/glassfish/jersey/core/jersey-server/2.26/jersey-server-2.26.jar:/home/ubuntu/.m2/repository/org/glassfish/jersey/core/jersey-common/2.26/jersey-common-2.26.jar:/home/ubuntu/.m2/repository/org/glassfish/hk2/osgi-resource-locator/1.0.1/osgi-resource-locator-1.0.1.jar:/home/ubuntu/.m2/repository/org/glassfish/jersey/core/jersey-client/2.26/jersey-client-2.26.jar:/home/ubuntu/.m2/repository/org/glassfish/jersey/media/jersey-media-jaxb/2.26/jersey-media-jaxb-2.26.jar:/home/ubuntu/.m2/repository/javax/annotation/javax.annotation-api/1.2/javax.annotation-api-1.2.jar:/home/ubuntu/.m2/repository/org/glassfish/hk2/external/javax.inject/2.5.0-b42/javax.inject-2.5.0-b42.jar:/home/ubuntu/.m2/repository/javax/validation/validation-api/1.1.0.Final/validation-api-1.1.0.Final.jar:/home/ubuntu/.m2/repository/joda-time/joda-time/2.9.3/joda-time-2.9.3.jar:/home/ubuntu/.m2/repository/io/netty/netty/3.10.5.Final/netty-3.10.5.Final.jar:/home/ubuntu/.m2/repository/org/onosproject/onlab-osgi/1.14.0/onlab-osgi-1.14.0.jar:/home/ubuntu/.m2/repository/junit/junit/4.12/junit-4.12.jar:/home/ubuntu/.m2/repository/org/hamcrest/hamcrest-core/1.3/hamcrest-core-1.3.jar:/home/ubuntu/.m2/repository/org/onosproject/onos-api/1.14.0/onos-api-1.14.0-tests.jar:/home/ubuntu/.m2/repository/org/apache/felix/org.apache.felix.scr.annotations/1.9.12/org.apache.felix.scr.annotations-1.9.12.jar:"/>
    <property name="sun.cpu.endian" value="little"/>
    <property name="user.home" value="/home/ubuntu"/>
    <property name="user.language" value="en"/>
    <property name="java.specification.vendor" value="Oracle Corporation"/>
    <property name="java.home" value="/usr/lib/jvm/java-8-oracle/jre"/>
    <property name="basedir" value="/home/ubuntu/Applications/sd_wan"/>
    <property name="file.separator" value="/"/>
    <property name="line.separator" value="&#10;"/>
    <property name="java.vm.specification.vendor" value="Oracle Corporation"/>
    <property name="java.specification.name" value="Java Platform API Specification"/>
    <property name="java.awt.graphicsenv" value="sun.awt.X11GraphicsEnvironment"/>
    <property name="surefire.real.class.path" value="/home/ubuntu/Applications/sd_wan/target/surefire/surefirebooter1766985461650965670.jar"/>
    <property name="sun.boot.class.path" value="/usr/lib/jvm/java-8-oracle/jre/lib/resources.jar:/usr/lib/jvm/java-8-oracle/jre/lib/rt.jar:/usr/lib/jvm/java-8-oracle/jre/lib/sunrsasign.jar:/usr/lib/jvm/java-8-oracle/jre/lib/jsse.jar:/usr/lib/jvm/java-8-oracle/jre/lib/jce.jar:/usr/lib/jvm/java-8-oracle/jre/lib/charsets.jar:/usr/lib/jvm/java-8-oracle/jre/lib/jfr.jar:/usr/lib/jvm/java-8-oracle/jre/classes"/>
    <property name="sun.management.compiler" value="HotSpot 64-Bit Tiered Compilers"/>
    <property name="java.runtime.version" value="1.8.0_181-b13"/>
    <property name="user.name" value="ubuntu"/>
    <property name="path.separator" value=":"/>
    <property name="os.version" value="3.13.0-24-generic"/>
    <property name="java.endorsed.dirs" value="/usr/lib/jvm/java-8-oracle/jre/lib/endorsed"/>
    <property name="java.runtime.name" value="Java(TM) SE Runtime Environment"/>
    <property name="file.encoding" value="UTF-8"/>
    <property name="java.vm.name" value="Java HotSpot(TM) 64-Bit Server VM"/>
    <property name="localRepository" value="/home/ubuntu/.m2/repository"/>
    <property name="java.vendor.url.bug" value="http://bugreport.sun.com/bugreport/"/>
    <property name="java.io.tmpdir" value="/tmp"/>
    <property name="java.version" value="1.8.0_181"/>
    <property name="user.dir" value="/home/ubuntu/Applications/sd_wan"/>
    <property name="os.arch" value="amd64"/>
    <property name="java.vm.specification.name" value="Java Virtual Machine Specification"/>
    <property name="java.awt.printerjob" value="sun.print.PSPrinterJob"/>
    <property name="sun.os.patch.level" value="unknown"/>
    <property name="java.library.path" value="/usr/java/packages/lib/amd64:/usr/lib64:/lib64:/lib:/usr/lib"/>
    <property name="java.vm.info" value="mixed mode"/>
    <property name="java.vendor" value="Oracle Corporation"/>
    <property name="java.vm.version" value="25.181-b13"/>
    <property name="java.ext.dirs" value="/usr/lib/jvm/java-8-oracle/jre/lib/ext:/usr/java/packages/lib/ext"/>
    <property name="sun.io.unicode.encoding" value="UnicodeLittle"/>
    <property name="java.class.version" value="52.0"/>
  </properties>
  <testcase name="basics" classname="org.sd_wan.app.AppComponentTest" time="0.004"/>
</testsuite>